vitamio-sample/build/outputs/logs/manifest-merger-debug-report.txt
-- Merging decision tree log ---
manifest
ADDED from MyApplication2\vitamio-sample\AndroidManifest.xml:2:1-88:12
	package
		ADDED from MyApplication2\vitamio-sample\AndroidManifest.xml:3:5-34
		INJECTED from MyApplication2\vitamio-sample\AndroidManifest.xml
		INJECTED from MyApplication2\vitamio-sample\AndroidManifest.xml
	android:versionName
		ADDED from MyApplication2\vitamio-sample\AndroidManifest.xml:5:5-32
		INJECTED from MyApplication2\vitamio-sample\AndroidManifest.xml
		INJECTED from MyApplication2\vitamio-sample\AndroidManifest.xml
	android:versionCode
		ADDED from MyApplication2\vitamio-sample\AndroidManifest.xml:4:5-30
		INJECTED from MyApplication2\vitamio-sample\AndroidManifest.xml
		INJECTED from MyApplication2\vitamio-sample\AndroidManifest.xml
	xmlns:android
		ADDED from MyApplication2\vitamio-sample\AndroidManifest.xml:2:11-69
uses-sdk
ADDED from MyApplication2\vitamio-sample\AndroidManifest.xml:7:5-9:41
MERGED from [MyApplication2:vitamio:unspecified] AndroidManifest.xml:7:5-9:41
MERGED from [com.android.support:appcompat-v7:22.2.1] AndroidManifest.xml:20:5-43
MERGED from [com.android.support:support-v4:22.2.1] AndroidManifest.xml:20:5-43
	android:targetSdkVersion
		ADDED from MyApplication2\vitamio-sample\AndroidManifest.xml:9:9-38
		INJECTED from MyApplication2\vitamio-sample\AndroidManifest.xml
		INJECTED from MyApplication2\vitamio-sample\AndroidManifest.xml
	android:minSdkVersion
		ADDED from MyApplication2\vitamio-sample\AndroidManifest.xml:8:9-34
		INJECTED from MyApplication2\vitamio-sample\AndroidManifest.xml
		INJECTED from MyApplication2\vitamio-sample\AndroidManifest.xml
uses-permission#android.permission.INTERNET
ADDED from MyApplication2\vitamio-sample\AndroidManifest.xml:10:5-67
MERGED from [MyApplication2:vitamio:unspecified] AndroidManifest.xml:12:5-67
	android:name
		ADDED from MyApplication2\vitamio-sample\AndroidManifest.xml:10:22-64
uses-permission#android.permission.WAKE_LOCK
ADDED from MyApplication2\vitamio-sample\AndroidManifest.xml:11:5-68
MERGED from [MyApplication2:vitamio:unspecified] AndroidManifest.xml:11:5-68
	android:name
		ADDED from MyApplication2\vitamio-sample\AndroidManifest.xml:11:22-65
uses-permission#android.permission.ACCESS_NETWORK_STATE
ADDED from MyApplication2\vitamio-sample\AndroidManifest.xml:12:5-79
MERGED from [MyApplication2:vitamio:unspecified] AndroidManifest.xml:13:5-79
	android:name
		ADDED from MyApplication2\vitamio-sample\AndroidManifest.xml:12:22-76
uses-permission#android.permission.READ_EXTERNAL_STORAGE
ADDED from MyApplication2\vitamio-sample\AndroidManifest.xml:13:5-80
	android:name
		ADDED from MyApplication2\vitamio-sample\AndroidManifest.xml:13:22-77
uses-permission#android.permission.ACCESS_WIFI_STATE
ADDED from MyApplication2\vitamio-sample\AndroidManifest.xml:14:5-76
	android:name
		ADDED from MyApplication2\vitamio-sample\AndroidManifest.xml:14:22-73
uses-permission#android.permission.READ_PHONE_STATE
ADDED from MyApplication2\vitamio-sample\AndroidManifest.xml:15:5-75
	android:name
		ADDED from MyApplication2\vitamio-sample\AndroidManifest.xml:15:22-72
application
ADDED from MyApplication2\vitamio-sample\AndroidManifest.xml:17:5-86:19
MERGED from [MyApplication2:vitamio:unspecified] AndroidManifest.xml:15:5-22:19
MERGED from [com.android.support:appcompat-v7:22.2.1] AndroidManifest.xml:22:5-20
MERGED from [com.android.support:support-v4:22.2.1] AndroidManifest.xml:22:5-20
	android:label
		ADDED from MyApplication2\vitamio-sample\AndroidManifest.xml:20:9-50
	android:allowBackup
		ADDED from MyApplication2\vitamio-sample\AndroidManifest.xml:18:9-36
	android:icon
		ADDED from MyApplication2\vitamio-sample\AndroidManifest.xml:19:9-45
activity#io.vov.vitamio.activity.InitActivity
ADDED from MyApplication2\vitamio-sample\AndroidManifest.xml:23:9-28:63
MERGED from [MyApplication2:vitamio:unspecified] AndroidManifest.xml:16:9-21:63
	android:launchMode
		ADDED from MyApplication2\vitamio-sample\AndroidManifest.xml:26:13-43
	android:windowSoftInputMode
		ADDED from MyApplication2\vitamio-sample\AndroidManifest.xml:28:13-60
	android:configChanges
		ADDED from MyApplication2\vitamio-sample\AndroidManifest.xml:25:13-113
	android:theme
		ADDED from MyApplication2\vitamio-sample\AndroidManifest.xml:27:13-60
	android:name
		ADDED from MyApplication2\vitamio-sample\AndroidManifest.xml:24:13-64
activity#io.vov.vitamio.demo.VitamioListActivity
ADDED from MyApplication2\vitamio-sample\AndroidManifest.xml:29:9-36:20
	android:name
		ADDED from MyApplication2\vitamio-sample\AndroidManifest.xml:29:19-54
intent-filter#android.intent.action.MAIN+android.intent.category.DEFAULT+android.intent.category.LAUNCHER
ADDED from MyApplication2\vitamio-sample\AndroidManifest.xml:30:13-35:29
action#android.intent.action.MAIN
ADDED from MyApplication2\vitamio-sample\AndroidManifest.xml:31:17-69
	android:name
		ADDED from MyApplication2\vitamio-sample\AndroidManifest.xml:31:25-66
category#android.intent.category.DEFAULT
ADDED from MyApplication2\vitamio-sample\AndroidManifest.xml:33:17-76
	android:name
		ADDED from MyApplication2\vitamio-sample\AndroidManifest.xml:33:27-73
category#android.intent.category.LAUNCHER
ADDED from MyApplication2\vitamio-sample\AndroidManifest.xml:34:17-77
	android:name
		ADDED from MyApplication2\vitamio-sample\AndroidManifest.xml:34:27-74
activity#io.vov.vitamio.demo.MediaPlayerDemo
ADDED from MyApplication2\vitamio-sample\AndroidManifest.xml:37:9-40:20
	android:label
		ADDED from MyApplication2\vitamio-sample\AndroidManifest.xml:39:13-46
	android:name
		ADDED from MyApplication2\vitamio-sample\AndroidManifest.xml:38:13-44
activity#io.vov.vitamio.demo.VideoViewDemo
ADDED from MyApplication2\vitamio-sample\AndroidManifest.xml:41:9-45:20
	android:label
		ADDED from MyApplication2\vitamio-sample\AndroidManifest.xml:44:13-44
	android:configChanges
		ADDED from MyApplication2\vitamio-sample\AndroidManifest.xml:43:13-113
	android:name
		ADDED from MyApplication2\vitamio-sample\AndroidManifest.xml:42:13-42
activity#io.vov.vitamio.demo.MediaPlayerDemo_Video
ADDED from MyApplication2\vitamio-sample\AndroidManifest.xml:46:9-49:20
	android:label
		ADDED from MyApplication2\vitamio-sample\AndroidManifest.xml:48:13-46
	android:name
		ADDED from MyApplication2\vitamio-sample\AndroidManifest.xml:47:13-50
activity#io.vov.vitamio.demo.MediaPlayerDemo_setSurface
ADDED from MyApplication2\vitamio-sample\AndroidManifest.xml:50:9-53:20
	android:label
		ADDED from MyApplication2\vitamio-sample\AndroidManifest.xml:52:13-46
	android:name
		ADDED from MyApplication2\vitamio-sample\AndroidManifest.xml:51:13-55
activity#io.vov.vitamio.demo.MediaPlayerDemo_Audio
ADDED from MyApplication2\vitamio-sample\AndroidManifest.xml:54:9-57:20
	android:label
		ADDED from MyApplication2\vitamio-sample\AndroidManifest.xml:56:13-46
	android:name
		ADDED from MyApplication2\vitamio-sample\AndroidManifest.xml:55:13-50
activity#io.vov.vitamio.demo.MediaMetadataRetrieverDemo
ADDED from MyApplication2\vitamio-sample\AndroidManifest.xml:58:9-61:20
	android:label
		ADDED from MyApplication2\vitamio-sample\AndroidManifest.xml:60:13-48
	android:name
		ADDED from MyApplication2\vitamio-sample\AndroidManifest.xml:59:13-55
activity#io.vov.vitamio.demo.MediaPlayerSubtitle
ADDED from MyApplication2\vitamio-sample\AndroidManifest.xml:62:9-65:20
	android:label
		ADDED from MyApplication2\vitamio-sample\AndroidManifest.xml:64:13-73
	android:name
		ADDED from MyApplication2\vitamio-sample\AndroidManifest.xml:63:13-48
activity#io.vov.vitamio.demo.VideoViewSubtitle
ADDED from MyApplication2\vitamio-sample\AndroidManifest.xml:66:9-69:20
	android:label
		ADDED from MyApplication2\vitamio-sample\AndroidManifest.xml:68:13-71
	android:name
		ADDED from MyApplication2\vitamio-sample\AndroidManifest.xml:67:13-46
activity#io.vov.vitamio.demo.VideoSubtitleList
ADDED from MyApplication2\vitamio-sample\AndroidManifest.xml:70:9-73:20
	android:label
		ADDED from MyApplication2\vitamio-sample\AndroidManifest.xml:72:13-71
	android:name
		ADDED from MyApplication2\vitamio-sample\AndroidManifest.xml:71:13-46
activity#io.vov.vitamio.demo.VideoViewBuffer
ADDED from MyApplication2\vitamio-sample\AndroidManifest.xml:74:9-77:20
	android:label
		ADDED from MyApplication2\vitamio-sample\AndroidManifest.xml:76:13-64
	android:name
		ADDED from MyApplication2\vitamio-sample\AndroidManifest.xml:75:13-44
meta-data#UMENG_APPKEY
ADDED from MyApplication2\vitamio-sample\AndroidManifest.xml:78:10-81:21
	android:value
		ADDED from MyApplication2\vitamio-sample\AndroidManifest.xml:80:13-53
	android:name
		ADDED from MyApplication2\vitamio-sample\AndroidManifest.xml:79:13-40
meta-data#UMENG_CHANNEL
ADDED from MyApplication2\vitamio-sample\AndroidManifest.xml:82:9-85:21
	android:value
		ADDED from MyApplication2\vitamio-sample\AndroidManifest.xml:84:13-33
	android:name
		ADDED from MyApplication2\vitamio-sample\AndroidManifest.xml:83:13-41